16:24:46.583 [main] INFO  com.Shy.blog.BlogApplication - Starting BlogApplication using Java 17.0.7 with PID 4012 (/Users/haoyuan/IdeaProjects/blog/target/classes started by haoyuan in /Users/haoyuan/IdeaProjects/blog)
16:24:46.586 [main] INFO  com.Shy.blog.BlogApplication - No active profile set, falling back to 1 default profile: "default"
16:24:47.698 [main] INFO  o.s.b.w.e.tomcat.TomcatWebServer - Tomcat initialized with port(s): 8080 (http)
16:24:47.707 [main] INFO  o.a.coyote.http11.Http11NioProtocol - Initializing ProtocolHandler ["http-nio-8080"]
16:24:47.708 [main] INFO  o.a.catalina.core.StandardService - Starting service [Tomcat]
16:24:47.708 [main] INFO  o.a.catalina.core.StandardEngine - Starting Servlet engine: [Apache Tomcat/10.1.8]
16:24:47.804 [main] INFO  o.a.c.c.C.[Tomcat].[localhost].[/] - Initializing Spring embedded WebApplicationContext
16:24:47.806 [main] INFO  o.s.b.w.s.c.ServletWebServerApplicationContext - Root WebApplicationContext: initialization completed in 1160 ms
16:24:48.477 [main] INFO  o.a.coyote.http11.Http11NioProtocol - Starting ProtocolHandler ["http-nio-8080"]
16:24:48.498 [main] INFO  o.s.b.w.e.tomcat.TomcatWebServer - Tomcat started on port(s): 8080 (http) with context path ''
16:24:48.507 [main] INFO  com.Shy.blog.BlogApplication - Started BlogApplication in 2.524 seconds (process running for 3.023)
16:24:55.023 [http-nio-8080-exec-1] INFO  o.a.c.c.C.[Tomcat].[localhost].[/] - Initializing Spring DispatcherServlet 'dispatcherServlet'
16:24:55.024 [http-nio-8080-exec-1] INFO  o.s.web.servlet.DispatcherServlet - Initializing Servlet 'dispatcherServlet'
16:24:55.025 [http-nio-8080-exec-1] INFO  o.s.web.servlet.DispatcherServlet - Completed initialization in 1 ms
16:24:56.957 [http-nio-8080-exec-3] WARN  o.s.web.servlet.PageNotFound - No mapping for GET /favicon.ico
16:25:10.353 [http-nio-8080-exec-4] INFO  com.zaxxer.hikari.HikariDataSource - HikariPool-1 - Starting...
16:25:10.575 [http-nio-8080-exec-4] INFO  com.zaxxer.hikari.pool.HikariPool - HikariPool-1 - Added connection com.mysql.cj.jdbc.ConnectionImpl@3b5f788c
16:25:10.577 [http-nio-8080-exec-4] INFO  com.zaxxer.hikari.HikariDataSource - HikariPool-1 - Start completed.
16:25:10.633 [http-nio-8080-exec-4] INFO  c.Shy.blog.controller.UserController - 数据库查询：{id:16101401, user:"shy", pwd:"121314"}
16:25:10.681 [http-nio-8080-exec-4] INFO  c.Shy.blog.controller.UserController - 请求成功！
16:25:16.106 [SpringApplicationShutdownHook] INFO  com.zaxxer.hikari.HikariDataSource - HikariPool-1 - Shutdown initiated...
16:25:16.117 [SpringApplicationShutdownHook] INFO  com.zaxxer.hikari.HikariDataSource - HikariPool-1 - Shutdown completed.
17:30:12.952 [main] INFO  com.Shy.blog.BlogApplication - Starting BlogApplication using Java 17.0.7 with PID 7763 (/Users/haoyuan/IdeaProjects/blog/target/classes started by haoyuan in /Users/haoyuan/IdeaProjects/blog)
17:30:12.955 [main] INFO  com.Shy.blog.BlogApplication - No active profile set, falling back to 1 default profile: "default"
17:30:14.227 [main] INFO  o.s.b.w.e.tomcat.TomcatWebServer - Tomcat initialized with port(s): 8080 (http)
17:30:14.238 [main] INFO  o.a.coyote.http11.Http11NioProtocol - Initializing ProtocolHandler ["http-nio-8080"]
17:30:14.239 [main] INFO  o.a.catalina.core.StandardService - Starting service [Tomcat]
17:30:14.239 [main] INFO  o.a.catalina.core.StandardEngine - Starting Servlet engine: [Apache Tomcat/10.1.8]
17:30:14.341 [main] INFO  o.a.c.c.C.[Tomcat].[localhost].[/] - Initializing Spring embedded WebApplicationContext
17:30:14.343 [main] INFO  o.s.b.w.s.c.ServletWebServerApplicationContext - Root WebApplicationContext: initialization completed in 1325 ms
17:30:15.090 [main] INFO  o.a.coyote.http11.Http11NioProtocol - Starting ProtocolHandler ["http-nio-8080"]
17:30:15.117 [main] INFO  o.s.b.w.e.tomcat.TomcatWebServer - Tomcat started on port(s): 8080 (http) with context path ''
17:30:15.127 [main] INFO  com.Shy.blog.BlogApplication - Started BlogApplication in 2.897 seconds (process running for 3.326)
17:30:23.113 [http-nio-8080-exec-1] INFO  o.a.c.c.C.[Tomcat].[localhost].[/] - Initializing Spring DispatcherServlet 'dispatcherServlet'
17:30:23.113 [http-nio-8080-exec-1] INFO  o.s.web.servlet.DispatcherServlet - Initializing Servlet 'dispatcherServlet'
17:30:23.115 [http-nio-8080-exec-1] INFO  o.s.web.servlet.DispatcherServlet - Completed initialization in 1 ms
17:30:43.884 [http-nio-8080-exec-2] INFO  com.zaxxer.hikari.HikariDataSource - HikariPool-1 - Starting...
17:30:44.035 [http-nio-8080-exec-2] INFO  com.zaxxer.hikari.pool.HikariPool - HikariPool-1 - Added connection com.mysql.cj.jdbc.ConnectionImpl@4662c53d
17:30:44.037 [http-nio-8080-exec-2] INFO  com.zaxxer.hikari.HikariDataSource - HikariPool-1 - Start completed.
17:30:44.072 [http-nio-8080-exec-2] INFO  c.Shy.blog.controller.UserController - 数据库查询：{id:16101401, user:"shy", pwd:"121314"}
17:30:44.128 [http-nio-8080-exec-2] INFO  c.Shy.blog.controller.UserController - 请求成功！
17:31:01.125 [SpringApplicationShutdownHook] INFO  com.zaxxer.hikari.HikariDataSource - HikariPool-1 - Shutdown initiated...
17:31:01.132 [SpringApplicationShutdownHook] INFO  com.zaxxer.hikari.HikariDataSource - HikariPool-1 - Shutdown completed.
