10:49:11.714 [main] INFO  com.Shy.blog.BlogApplication - Starting BlogApplication using Java 17.0.7 with PID 2932 (/Users/haoyuan/IdeaProjects/blog/target/classes started by haoyuan in /Users/haoyuan/IdeaProjects/blog)
10:49:11.717 [main] INFO  com.Shy.blog.BlogApplication - No active profile set, falling back to 1 default profile: "default"
10:49:12.740 [main] INFO  o.s.b.w.e.tomcat.TomcatWebServer - Tomcat initialized with port(s): 8080 (http)
10:49:12.749 [main] INFO  o.a.coyote.http11.Http11NioProtocol - Initializing ProtocolHandler ["http-nio-8080"]
10:49:12.751 [main] INFO  o.a.catalina.core.StandardService - Starting service [Tomcat]
10:49:12.751 [main] INFO  o.a.catalina.core.StandardEngine - Starting Servlet engine: [Apache Tomcat/10.1.8]
10:49:12.848 [main] INFO  o.a.c.c.C.[Tomcat].[localhost].[/] - Initializing Spring embedded WebApplicationContext
10:49:12.849 [main] INFO  o.s.b.w.s.c.ServletWebServerApplicationContext - Root WebApplicationContext: initialization completed in 1065 ms
10:49:13.606 [main] INFO  o.a.coyote.http11.Http11NioProtocol - Starting ProtocolHandler ["http-nio-8080"]
10:49:13.626 [main] INFO  o.s.b.w.e.tomcat.TomcatWebServer - Tomcat started on port(s): 8080 (http) with context path ''
10:49:13.634 [main] INFO  com.Shy.blog.BlogApplication - Started BlogApplication in 2.779 seconds (process running for 3.482)
10:49:39.046 [http-nio-8080-exec-1] INFO  o.a.c.c.C.[Tomcat].[localhost].[/] - Initializing Spring DispatcherServlet 'dispatcherServlet'
10:49:39.047 [http-nio-8080-exec-1] INFO  o.s.web.servlet.DispatcherServlet - Initializing Servlet 'dispatcherServlet'
10:49:39.048 [http-nio-8080-exec-1] INFO  o.s.web.servlet.DispatcherServlet - Completed initialization in 1 ms
10:49:39.067 [http-nio-8080-exec-1] WARN  o.s.web.servlet.PageNotFound - No mapping for GET /main
10:49:39.318 [http-nio-8080-exec-2] WARN  o.s.web.servlet.PageNotFound - No mapping for GET /favicon.ico
10:49:48.799 [http-nio-8080-exec-3] WARN  o.s.web.servlet.PageNotFound - No mapping for GET /main.html
10:49:54.093 [http-nio-8080-exec-4] WARN  o.s.web.servlet.PageNotFound - No mapping for GET /main.html
10:50:22.523 [http-nio-8080-exec-7] INFO  com.zaxxer.hikari.HikariDataSource - HikariPool-1 - Starting...
10:50:22.730 [http-nio-8080-exec-7] INFO  com.zaxxer.hikari.pool.HikariPool - HikariPool-1 - Added connection com.mysql.cj.jdbc.ConnectionImpl@33163175
10:50:22.732 [http-nio-8080-exec-7] INFO  com.zaxxer.hikari.HikariDataSource - HikariPool-1 - Start completed.
10:50:22.782 [http-nio-8080-exec-7] INFO  c.Shy.blog.controller.UserController - 数据库查询：{id:16101401, user:"shy", pwd:"121314"}
10:50:22.834 [http-nio-8080-exec-7] INFO  c.Shy.blog.controller.UserController - 请求成功！
10:50:38.455 [SpringApplicationShutdownHook] INFO  com.zaxxer.hikari.HikariDataSource - HikariPool-1 - Shutdown initiated...
10:50:38.467 [SpringApplicationShutdownHook] INFO  com.zaxxer.hikari.HikariDataSource - HikariPool-1 - Shutdown completed.
10:50:41.219 [main] INFO  com.Shy.blog.BlogApplication - Starting BlogApplication using Java 17.0.7 with PID 2948 (/Users/haoyuan/IdeaProjects/blog/target/classes started by haoyuan in /Users/haoyuan/IdeaProjects/blog)
10:50:41.221 [main] INFO  com.Shy.blog.BlogApplication - No active profile set, falling back to 1 default profile: "default"
10:50:42.210 [main] INFO  o.s.b.w.e.tomcat.TomcatWebServer - Tomcat initialized with port(s): 8080 (http)
10:50:42.217 [main] INFO  o.a.coyote.http11.Http11NioProtocol - Initializing ProtocolHandler ["http-nio-8080"]
10:50:42.218 [main] INFO  o.a.catalina.core.StandardService - Starting service [Tomcat]
10:50:42.218 [main] INFO  o.a.catalina.core.StandardEngine - Starting Servlet engine: [Apache Tomcat/10.1.8]
10:50:42.299 [main] INFO  o.a.c.c.C.[Tomcat].[localhost].[/] - Initializing Spring embedded WebApplicationContext
10:50:42.302 [main] INFO  o.s.b.w.s.c.ServletWebServerApplicationContext - Root WebApplicationContext: initialization completed in 1013 ms
10:50:42.857 [main] INFO  o.a.coyote.http11.Http11NioProtocol - Starting ProtocolHandler ["http-nio-8080"]
10:50:42.873 [main] INFO  o.s.b.w.e.tomcat.TomcatWebServer - Tomcat started on port(s): 8080 (http) with context path ''
10:50:42.882 [main] INFO  com.Shy.blog.BlogApplication - Started BlogApplication in 2.191 seconds (process running for 2.532)
10:50:46.230 [http-nio-8080-exec-1] INFO  o.a.c.c.C.[Tomcat].[localhost].[/] - Initializing Spring DispatcherServlet 'dispatcherServlet'
10:50:46.231 [http-nio-8080-exec-1] INFO  o.s.web.servlet.DispatcherServlet - Initializing Servlet 'dispatcherServlet'
10:50:46.232 [http-nio-8080-exec-1] INFO  o.s.web.servlet.DispatcherServlet - Completed initialization in 0 ms
10:50:46.248 [http-nio-8080-exec-1] WARN  o.s.web.servlet.PageNotFound - No mapping for GET /main
14:33:19.831 [main] INFO  com.Shy.blog.BlogApplication - Starting BlogApplication using Java 17.0.7 with PID 4542 (/Users/haoyuan/IdeaProjects/blog/target/classes started by haoyuan in /Users/haoyuan/IdeaProjects/blog)
14:33:19.833 [main] INFO  com.Shy.blog.BlogApplication - No active profile set, falling back to 1 default profile: "default"
14:33:20.906 [main] INFO  o.s.b.w.e.tomcat.TomcatWebServer - Tomcat initialized with port(s): 8080 (http)
14:33:20.917 [main] INFO  o.a.coyote.http11.Http11NioProtocol - Initializing ProtocolHandler ["http-nio-8080"]
14:33:20.918 [main] INFO  o.a.catalina.core.StandardService - Starting service [Tomcat]
14:33:20.918 [main] INFO  o.a.catalina.core.StandardEngine - Starting Servlet engine: [Apache Tomcat/10.1.8]
14:33:21.006 [main] INFO  o.a.c.c.C.[Tomcat].[localhost].[/] - Initializing Spring embedded WebApplicationContext
14:33:21.008 [main] INFO  o.s.b.w.s.c.ServletWebServerApplicationContext - Root WebApplicationContext: initialization completed in 1122 ms
14:33:21.671 [main] INFO  o.a.coyote.http11.Http11NioProtocol - Starting ProtocolHandler ["http-nio-8080"]
14:33:21.690 [main] INFO  o.s.b.w.e.tomcat.TomcatWebServer - Tomcat started on port(s): 8080 (http) with context path ''
14:33:21.698 [main] INFO  com.Shy.blog.BlogApplication - Started BlogApplication in 2.448 seconds (process running for 2.875)
14:33:31.719 [http-nio-8080-exec-1] INFO  o.a.c.c.C.[Tomcat].[localhost].[/] - Initializing Spring DispatcherServlet 'dispatcherServlet'
14:33:31.720 [http-nio-8080-exec-1] INFO  o.s.web.servlet.DispatcherServlet - Initializing Servlet 'dispatcherServlet'
14:33:31.722 [http-nio-8080-exec-1] INFO  o.s.web.servlet.DispatcherServlet - Completed initialization in 1 ms
14:33:31.808 [http-nio-8080-exec-1] INFO  com.zaxxer.hikari.HikariDataSource - HikariPool-1 - Starting...
14:33:32.017 [http-nio-8080-exec-1] INFO  com.zaxxer.hikari.pool.HikariPool - HikariPool-1 - Added connection com.mysql.cj.jdbc.ConnectionImpl@52f7bf2e
14:33:32.019 [http-nio-8080-exec-1] INFO  com.zaxxer.hikari.HikariDataSource - HikariPool-1 - Start completed.
14:33:50.398 [SpringApplicationShutdownHook] INFO  com.zaxxer.hikari.HikariDataSource - HikariPool-1 - Shutdown initiated...
14:33:50.406 [SpringApplicationShutdownHook] INFO  com.zaxxer.hikari.HikariDataSource - HikariPool-1 - Shutdown completed.
17:24:06.875 [main] INFO  com.Shy.blog.BlogApplication - Starting BlogApplication using Java 17.0.7 with PID 9968 (/Users/haoyuan/IdeaProjects/blog/target/classes started by haoyuan in /Users/haoyuan/IdeaProjects/blog)
17:24:06.878 [main] INFO  com.Shy.blog.BlogApplication - No active profile set, falling back to 1 default profile: "default"
17:24:08.108 [main] INFO  o.s.b.w.e.tomcat.TomcatWebServer - Tomcat initialized with port(s): 8080 (http)
17:24:08.119 [main] INFO  o.a.coyote.http11.Http11NioProtocol - Initializing ProtocolHandler ["http-nio-8080"]
17:24:08.120 [main] INFO  o.a.catalina.core.StandardService - Starting service [Tomcat]
17:24:08.120 [main] INFO  o.a.catalina.core.StandardEngine - Starting Servlet engine: [Apache Tomcat/10.1.8]
17:24:08.217 [main] INFO  o.a.c.c.C.[Tomcat].[localhost].[/] - Initializing Spring embedded WebApplicationContext
17:24:08.219 [main] INFO  o.s.b.w.s.c.ServletWebServerApplicationContext - Root WebApplicationContext: initialization completed in 1281 ms
17:24:08.822 [main] INFO  o.a.coyote.http11.Http11NioProtocol - Starting ProtocolHandler ["http-nio-8080"]
17:24:08.840 [main] INFO  o.s.b.w.e.tomcat.TomcatWebServer - Tomcat started on port(s): 8080 (http) with context path ''
17:24:08.848 [main] INFO  com.Shy.blog.BlogApplication - Started BlogApplication in 2.568 seconds (process running for 2.997)
17:24:15.862 [http-nio-8080-exec-1] INFO  o.a.c.c.C.[Tomcat].[localhost].[/] - Initializing Spring DispatcherServlet 'dispatcherServlet'
17:24:15.862 [http-nio-8080-exec-1] INFO  o.s.web.servlet.DispatcherServlet - Initializing Servlet 'dispatcherServlet'
17:24:15.864 [http-nio-8080-exec-1] INFO  o.s.web.servlet.DispatcherServlet - Completed initialization in 2 ms
17:24:31.711 [http-nio-8080-exec-3] INFO  com.zaxxer.hikari.HikariDataSource - HikariPool-1 - Starting...
17:24:31.954 [http-nio-8080-exec-3] INFO  com.zaxxer.hikari.pool.HikariPool - HikariPool-1 - Added connection com.mysql.cj.jdbc.ConnectionImpl@49e446dd
17:24:31.956 [http-nio-8080-exec-3] INFO  com.zaxxer.hikari.HikariDataSource - HikariPool-1 - Start completed.
17:24:32.001 [http-nio-8080-exec-3] INFO  c.Shy.blog.controller.UserController - 数据库查询：{id:16101401, user:"shy", pwd:"121314"}
17:24:32.056 [http-nio-8080-exec-3] INFO  c.Shy.blog.controller.UserController - 请求成功！
17:24:47.523 [SpringApplicationShutdownHook] INFO  com.zaxxer.hikari.HikariDataSource - HikariPool-1 - Shutdown initiated...
17:24:47.535 [SpringApplicationShutdownHook] INFO  com.zaxxer.hikari.HikariDataSource - HikariPool-1 - Shutdown completed.
17:26:13.676 [main] INFO  com.Shy.blog.BlogApplication - Starting BlogApplication using Java 17.0.7 with PID 10091 (/Users/haoyuan/IdeaProjects/blog/target/classes started by haoyuan in /Users/haoyuan/IdeaProjects/blog)
17:26:13.678 [main] INFO  com.Shy.blog.BlogApplication - No active profile set, falling back to 1 default profile: "default"
17:26:14.754 [main] INFO  o.s.b.w.e.tomcat.TomcatWebServer - Tomcat initialized with port(s): 8080 (http)
17:26:14.764 [main] INFO  o.a.coyote.http11.Http11NioProtocol - Initializing ProtocolHandler ["http-nio-8080"]
17:26:14.765 [main] INFO  o.a.catalina.core.StandardService - Starting service [Tomcat]
17:26:14.765 [main] INFO  o.a.catalina.core.StandardEngine - Starting Servlet engine: [Apache Tomcat/10.1.8]
17:26:14.859 [main] INFO  o.a.c.c.C.[Tomcat].[localhost].[/] - Initializing Spring embedded WebApplicationContext
17:26:14.861 [main] INFO  o.s.b.w.s.c.ServletWebServerApplicationContext - Root WebApplicationContext: initialization completed in 1120 ms
17:26:15.756 [main] INFO  o.a.coyote.http11.Http11NioProtocol - Starting ProtocolHandler ["http-nio-8080"]
17:26:15.777 [main] INFO  o.s.b.w.e.tomcat.TomcatWebServer - Tomcat started on port(s): 8080 (http) with context path ''
17:26:15.787 [main] INFO  com.Shy.blog.BlogApplication - Started BlogApplication in 2.683 seconds (process running for 3.029)
17:26:24.985 [http-nio-8080-exec-1] INFO  o.a.c.c.C.[Tomcat].[localhost].[/] - Initializing Spring DispatcherServlet 'dispatcherServlet'
17:26:24.985 [http-nio-8080-exec-1] INFO  o.s.web.servlet.DispatcherServlet - Initializing Servlet 'dispatcherServlet'
17:26:24.986 [http-nio-8080-exec-1] INFO  o.s.web.servlet.DispatcherServlet - Completed initialization in 1 ms
17:26:51.214 [main] INFO  com.Shy.blog.BlogApplication - Starting BlogApplication using Java 17.0.7 with PID 10102 (/Users/haoyuan/IdeaProjects/blog/target/classes started by haoyuan in /Users/haoyuan/IdeaProjects/blog)
17:26:51.216 [main] INFO  com.Shy.blog.BlogApplication - No active profile set, falling back to 1 default profile: "default"
17:26:52.272 [main] INFO  o.s.b.w.e.tomcat.TomcatWebServer - Tomcat initialized with port(s): 8080 (http)
17:26:52.281 [main] INFO  o.a.coyote.http11.Http11NioProtocol - Initializing ProtocolHandler ["http-nio-8080"]
17:26:52.283 [main] INFO  o.a.catalina.core.StandardService - Starting service [Tomcat]
17:26:52.283 [main] INFO  o.a.catalina.core.StandardEngine - Starting Servlet engine: [Apache Tomcat/10.1.8]
17:26:52.365 [main] INFO  o.a.c.c.C.[Tomcat].[localhost].[/] - Initializing Spring embedded WebApplicationContext
17:26:52.367 [main] INFO  o.s.b.w.s.c.ServletWebServerApplicationContext - Root WebApplicationContext: initialization completed in 1091 ms
17:26:52.962 [main] INFO  o.a.coyote.http11.Http11NioProtocol - Starting ProtocolHandler ["http-nio-8080"]
17:26:52.979 [main] INFO  o.s.b.w.e.tomcat.TomcatWebServer - Tomcat started on port(s): 8080 (http) with context path ''
17:26:52.988 [main] INFO  com.Shy.blog.BlogApplication - Started BlogApplication in 2.325 seconds (process running for 2.656)
17:27:00.155 [http-nio-8080-exec-1] INFO  o.a.c.c.C.[Tomcat].[localhost].[/] - Initializing Spring DispatcherServlet 'dispatcherServlet'
17:27:00.155 [http-nio-8080-exec-1] INFO  o.s.web.servlet.DispatcherServlet - Initializing Servlet 'dispatcherServlet'
17:27:00.157 [http-nio-8080-exec-1] INFO  o.s.web.servlet.DispatcherServlet - Completed initialization in 1 ms
17:27:51.788 [main] INFO  com.Shy.blog.BlogApplication - Starting BlogApplication using Java 17.0.7 with PID 10112 (/Users/haoyuan/IdeaProjects/blog/target/classes started by haoyuan in /Users/haoyuan/IdeaProjects/blog)
17:27:51.790 [main] INFO  com.Shy.blog.BlogApplication - No active profile set, falling back to 1 default profile: "default"
17:27:52.754 [main] INFO  o.s.b.w.e.tomcat.TomcatWebServer - Tomcat initialized with port(s): 8080 (http)
17:27:52.762 [main] INFO  o.a.coyote.http11.Http11NioProtocol - Initializing ProtocolHandler ["http-nio-8080"]
17:27:52.763 [main] INFO  o.a.catalina.core.StandardService - Starting service [Tomcat]
17:27:52.763 [main] INFO  o.a.catalina.core.StandardEngine - Starting Servlet engine: [Apache Tomcat/10.1.8]
17:27:52.840 [main] INFO  o.a.c.c.C.[Tomcat].[localhost].[/] - Initializing Spring embedded WebApplicationContext
17:27:52.842 [main] INFO  o.s.b.w.s.c.ServletWebServerApplicationContext - Root WebApplicationContext: initialization completed in 995 ms
17:27:53.359 [main] INFO  o.a.coyote.http11.Http11NioProtocol - Starting ProtocolHandler ["http-nio-8080"]
17:27:53.379 [main] INFO  o.s.b.w.e.tomcat.TomcatWebServer - Tomcat started on port(s): 8080 (http) with context path ''
17:27:53.388 [main] INFO  com.Shy.blog.BlogApplication - Started BlogApplication in 2.125 seconds (process running for 2.455)
17:27:59.447 [http-nio-8080-exec-1] INFO  o.a.c.c.C.[Tomcat].[localhost].[/] - Initializing Spring DispatcherServlet 'dispatcherServlet'
17:27:59.447 [http-nio-8080-exec-1] INFO  o.s.web.servlet.DispatcherServlet - Initializing Servlet 'dispatcherServlet'
17:27:59.449 [http-nio-8080-exec-1] INFO  o.s.web.servlet.DispatcherServlet - Completed initialization in 2 ms
